000.000 =============================================================
000.000                     Station A                               
000.000 -------------------------------------------------------------
000.000 Protocol.lib, version 4.0, jiangyanjun0718@bupt.edu.cn
000.000 Channel: 8000 bps, 270 ms propagation delay, bit error rate 1.0E-05
000.000 Log file "./datalink-A.log", TCP port 59144, debug mask 0x03
000.000 Station A is waiting for station B on TCP port 59144 ... Done.
000.894 New epoch: Sun May 12 00:16:42 2024
000.895 =================================================================
000.895 
000.895 Designed by Xie Muhang, build: May 12 2024  00:16:38
000.895 Send DATA 0 63, ID 10000
001.140 Send DATA 1 63, ID 10001
001.400 Send DATA 2 63, ID 10002
001.568 **** Receiver Error, Bad CRC Checksum
001.568 Send NAK  0
001.675 Send DATA 3 63, ID 10003
001.844 Recv DATA 1 63, ID 20001
001.935 Send DATA 4 63, ID 10004
002.101 Recv DATA 2 63, ID 20002
002.116 Recv NAK  0
002.117 Send DATA 0 63, ID 10000
002.376 Recv DATA 3 63, ID 20003
002.468 Send DATA 5 63, ID 10005
002.636 Recv DATA 0 63, ID 20000
002.728 Send DATA 6 63, ID 10006
002.897 Recv DATA 4 63, ID 20004
003.004 Send DATA 7 63, ID 10007
003.157 Recv DATA 5 63, ID 20005
003.265 Send DATA 8 63, ID 10008
003.417 Recv DATA 6 63, ID 20006
003.524 Send DATA 9 63, ID 10009
003.677 Recv DATA 7 63, ID 20007
003.784 Send DATA 10 63, ID 10010
003.968 Recv DATA 8 63, ID 20008
004.060 Send DATA 11 63, ID 10011
004.229 Recv DATA 9 63, ID 20009
004.320 Send DATA 12 63, ID 10012
004.490 Recv DATA 10 63, ID 20010
004.581 Send DATA 13 63, ID 10013
004.749 Recv DATA 11 63, ID 20011
004.841 Send DATA 14 63, ID 10014
005.024 Recv DATA 12 63, ID 20012
005.115 Send DATA 15 63, ID 10015
005.282 Recv DATA 13 63, ID 20013
005.374 Send DATA 16 63, ID 10016
005.542 Recv DATA 14 63, ID 20014
005.634 Send DATA 17 63, ID 10017
005.787 Recv DATA 15 63, ID 20015
005.894 Send DATA 18 63, ID 10018
006.078 Recv DATA 16 63, ID 20016
006.170 Send DATA 19 63, ID 10019
006.338 Recv DATA 17 63, ID 20017
006.430 Send DATA 20 63, ID 10020
006.599 Recv DATA 18 63, ID 20018
006.690 Send DATA 21 63, ID 10021
006.873 Recv DATA 19 63, ID 20019
006.965 Send DATA 22 63, ID 10022
007.133 Recv DATA 20 63, ID 20020
007.225 Send DATA 23 63, ID 10023
007.394 Recv DATA 21 63, ID 20021
007.485 Send DATA 24 63, ID 10024
007.669 Recv DATA 22 63, ID 20022
007.715 ---- DATA 1 timeout
007.715 Send DATA 1 63, ID 10001
007.914 Recv DATA 23 63, ID 20023
007.975 ---- DATA 2 timeout
007.975 Send DATA 2 63, ID 10002
008.189 Recv DATA 24 63, ID 20024
008.251 ---- DATA 3 timeout
008.251 Send DATA 3 63, ID 10003
008.434 Recv DATA 1 63, ID 20001
008.511 ---- DATA 4 timeout
008.511 Send DATA 4 63, ID 10004
008.694 Recv DATA 2 63, ID 20002
008.801 Send DATA 25 63, ID 10025
008.893 ---- DATA 0 timeout
008.893 Send DATA 0 63, ID 10000
008.984 Recv DATA 3 63, ID 20003
009.046 ---- DATA 5 timeout
009.046 Send DATA 5 63, ID 10005
009.245 Recv DATA 25 63, ID 20025
009.306 ---- DATA 6 timeout
009.306 Send DATA 6 63, ID 10006
009.507 Recv DATA 0 63, ID 20000
009.553 ---- DATA 7 timeout
009.553 Send DATA 7 63, ID 10007
009.768 Recv DATA 4 63, ID 20004
009.829 ---- DATA 8 timeout
009.829 Send DATA 8 63, ID 10008
010.028 Recv DATA 5 63, ID 20005
010.089 ---- DATA 9 timeout
010.089 Send DATA 9 63, ID 10009
010.288 Recv DATA 6 63, ID 20006
010.364 ---- DATA 10 timeout
010.364 Send DATA 10 63, ID 10010
010.562 Recv DATA 7 63, ID 20007
010.608 ---- DATA 11 timeout
010.608 Send DATA 11 63, ID 10011
010.823 Recv DATA 8 63, ID 20008
010.884 ---- DATA 12 timeout
010.884 Send DATA 12 63, ID 10012
011.098 Recv DATA 9 63, ID 20009
011.144 ---- DATA 13 timeout
011.144 Send DATA 13 63, ID 10013
011.343 Recv DATA 10 63, ID 20010
011.420 ---- DATA 14 timeout
011.420 Send DATA 14 63, ID 10014
011.603 Recv DATA 11 63, ID 20011
011.679 ---- DATA 15 timeout
011.679 Send DATA 15 63, ID 10015
011.878 Recv DATA 12 63, ID 20012
011.939 ---- DATA 16 timeout
011.939 Send DATA 16 63, ID 10016
012.138 Recv DATA 13 63, ID 20013
012.215 ---- DATA 17 timeout
012.215